<?xml version="1.0" encoding="UTF-8"?>
<testsuite xmlns:xsi="http://www.w3.org/2001/XMLSchema-instance" xsi:noNamespaceSchemaLocation="https://maven.apache.org/surefire/maven-surefire-plugin/xsd/surefire-test-report.xsd" name="TestSuite" time="86.533" tests="4" errors="0" skipped="0" failures="2">
  <properties>
    <property name="sun.desktop" value="windows"/>
    <property name="awt.toolkit" value="sun.awt.windows.WToolkit"/>
    <property name="java.specification.version" value="11"/>
    <property name="sun.cpu.isalist" value="amd64"/>
    <property name="sun.jnu.encoding" value="Cp1252"/>
    <property name="java.class.path" value="C:\Users\nilanjan.islam\eclipse-workspace\Demo\Demo\target\test-classes;C:\Users\nilanjan.islam\eclipse-workspace\Demo\Demo\target\classes;C:\Users\nilanjan.islam\.m2\repository\org\seleniumhq\selenium\selenium-java\3.141.59\selenium-java-3.141.59.jar;C:\Users\nilanjan.islam\.m2\repository\org\seleniumhq\selenium\selenium-api\3.141.59\selenium-api-3.141.59.jar;C:\Users\nilanjan.islam\.m2\repository\org\seleniumhq\selenium\selenium-chrome-driver\3.141.59\selenium-chrome-driver-3.141.59.jar;C:\Users\nilanjan.islam\.m2\repository\org\seleniumhq\selenium\selenium-edge-driver\3.141.59\selenium-edge-driver-3.141.59.jar;C:\Users\nilanjan.islam\.m2\repository\org\seleniumhq\selenium\selenium-firefox-driver\3.141.59\selenium-firefox-driver-3.141.59.jar;C:\Users\nilanjan.islam\.m2\repository\org\seleniumhq\selenium\selenium-ie-driver\3.141.59\selenium-ie-driver-3.141.59.jar;C:\Users\nilanjan.islam\.m2\repository\org\seleniumhq\selenium\selenium-opera-driver\3.141.59\selenium-opera-driver-3.141.59.jar;C:\Users\nilanjan.islam\.m2\repository\org\seleniumhq\selenium\selenium-remote-driver\3.141.59\selenium-remote-driver-3.141.59.jar;C:\Users\nilanjan.islam\.m2\repository\org\seleniumhq\selenium\selenium-safari-driver\3.141.59\selenium-safari-driver-3.141.59.jar;C:\Users\nilanjan.islam\.m2\repository\org\seleniumhq\selenium\selenium-support\3.141.59\selenium-support-3.141.59.jar;C:\Users\nilanjan.islam\.m2\repository\net\bytebuddy\byte-buddy\1.8.15\byte-buddy-1.8.15.jar;C:\Users\nilanjan.islam\.m2\repository\org\apache\commons\commons-exec\1.3\commons-exec-1.3.jar;C:\Users\nilanjan.islam\.m2\repository\com\google\guava\guava\25.0-jre\guava-25.0-jre.jar;C:\Users\nilanjan.islam\.m2\repository\com\google\code\findbugs\jsr305\1.3.9\jsr305-1.3.9.jar;C:\Users\nilanjan.islam\.m2\repository\org\checkerframework\checker-compat-qual\2.0.0\checker-compat-qual-2.0.0.jar;C:\Users\nilanjan.islam\.m2\repository\com\google\errorprone\error_prone_annotations\2.1.3\error_prone_annotations-2.1.3.jar;C:\Users\nilanjan.islam\.m2\repository\com\google\j2objc\j2objc-annotations\1.1\j2objc-annotations-1.1.jar;C:\Users\nilanjan.islam\.m2\repository\org\codehaus\mojo\animal-sniffer-annotations\1.14\animal-sniffer-annotations-1.14.jar;C:\Users\nilanjan.islam\.m2\repository\com\squareup\okhttp3\okhttp\3.11.0\okhttp-3.11.0.jar;C:\Users\nilanjan.islam\.m2\repository\com\squareup\okio\okio\1.14.0\okio-1.14.0.jar;C:\Users\nilanjan.islam\.m2\repository\io\github\bonigarcia\webdrivermanager\4.1.0\webdrivermanager-4.1.0.jar;C:\Users\nilanjan.islam\.m2\repository\org\slf4j\slf4j-api\1.7.30\slf4j-api-1.7.30.jar;C:\Users\nilanjan.islam\.m2\repository\commons-io\commons-io\2.7\commons-io-2.7.jar;C:\Users\nilanjan.islam\.m2\repository\com\google\code\gson\gson\2.8.6\gson-2.8.6.jar;C:\Users\nilanjan.islam\.m2\repository\org\apache\commons\commons-lang3\3.10\commons-lang3-3.10.jar;C:\Users\nilanjan.islam\.m2\repository\org\apache\httpcomponents\client5\httpclient5\5.0.1\httpclient5-5.0.1.jar;C:\Users\nilanjan.islam\.m2\repository\org\apache\httpcomponents\core5\httpcore5\5.0.1\httpcore5-5.0.1.jar;C:\Users\nilanjan.islam\.m2\repository\org\apache\httpcomponents\core5\httpcore5-h2\5.0.1\httpcore5-h2-5.0.1.jar;C:\Users\nilanjan.islam\.m2\repository\org\rauschig\jarchivelib\1.0.0\jarchivelib-1.0.0.jar;C:\Users\nilanjan.islam\.m2\repository\org\apache\commons\commons-compress\1.18\commons-compress-1.18.jar;C:\Users\nilanjan.islam\.m2\repository\org\jsoup\jsoup\1.13.1\jsoup-1.13.1.jar;C:\Users\nilanjan.islam\.m2\repository\org\testng\testng\6.14.3\testng-6.14.3.jar;C:\Users\nilanjan.islam\.m2\repository\com\beust\jcommander\1.72\jcommander-1.72.jar;C:\Users\nilanjan.islam\.m2\repository\org\apache-extras\beanshell\bsh\2.0b6\bsh-2.0b6.jar;C:\Users\nilanjan.islam\.m2\repository\org\apache\poi\poi\3.9\poi-3.9.jar;C:\Users\nilanjan.islam\.m2\repository\commons-codec\commons-codec\1.5\commons-codec-1.5.jar;C:\Users\nilanjan.islam\.m2\repository\org\apache\poi\poi-ooxml\3.9\poi-ooxml-3.9.jar;C:\Users\nilanjan.islam\.m2\repository\dom4j\dom4j\1.6.1\dom4j-1.6.1.jar;C:\Users\nilanjan.islam\.m2\repository\xml-apis\xml-apis\1.0.b2\xml-apis-1.0.b2.jar;C:\Users\nilanjan.islam\.m2\repository\org\apache\poi\poi-ooxml-schemas\3.9\poi-ooxml-schemas-3.9.jar;C:\Users\nilanjan.islam\.m2\repository\org\apache\xmlbeans\xmlbeans\2.3.0\xmlbeans-2.3.0.jar;C:\Users\nilanjan.islam\.m2\repository\stax\stax-api\1.0.1\stax-api-1.0.1.jar;C:\Users\nilanjan.islam\.m2\repository\org\apache\poi\poi-scratchpad\3.9\poi-scratchpad-3.9.jar;C:\Users\nilanjan.islam\.m2\repository\org\apache\poi\ooxml-schemas\1.1\ooxml-schemas-1.1.jar;C:\Users\nilanjan.islam\.m2\repository\org\apache\poi\openxml4j\1.0-beta\openxml4j-1.0-beta.jar;C:\Users\nilanjan.islam\.m2\repository\log4j\log4j\1.2.8\log4j-1.2.8.jar;C:\Users\nilanjan.islam\.m2\repository\com\aventstack\extentreports\3.1.5\extentreports-3.1.5.jar;C:\Users\nilanjan.islam\.m2\repository\org\freemarker\freemarker\2.3.23\freemarker-2.3.23.jar;C:\Users\nilanjan.islam\.m2\repository\org\mongodb\mongodb-driver\3.3.0\mongodb-driver-3.3.0.jar;C:\Users\nilanjan.islam\.m2\repository\org\mongodb\bson\3.3.0\bson-3.3.0.jar;C:\Users\nilanjan.islam\.m2\repository\org\mongodb\mongodb-driver-core\3.3.0\mongodb-driver-core-3.3.0.jar;C:\Users\nilanjan.islam\.m2\repository\org\apache\httpcomponents\httpclient\4.5.2\httpclient-4.5.2.jar;C:\Users\nilanjan.islam\.m2\repository\org\apache\httpcomponents\httpcore\4.4.4\httpcore-4.4.4.jar;C:\Users\nilanjan.islam\.m2\repository\commons-logging\commons-logging\1.2\commons-logging-1.2.jar;C:\Users\nilanjan.islam\.m2\repository\org\apache\httpcomponents\httpmime\4.5.2\httpmime-4.5.2.jar;C:\Users\nilanjan.islam\.m2\repository\com\lowagie\itext\2.1.7\itext-2.1.7.jar;C:\Users\nilanjan.islam\.m2\repository\bouncycastle\bcmail-jdk14\138\bcmail-jdk14-138.jar;C:\Users\nilanjan.islam\.m2\repository\bouncycastle\bcprov-jdk14\138\bcprov-jdk14-138.jar;C:\Users\nilanjan.islam\.m2\repository\org\bouncycastle\bctsp-jdk14\1.38\bctsp-jdk14-1.38.jar;C:\Users\nilanjan.islam\.m2\repository\org\bouncycastle\bcprov-jdk14\1.38\bcprov-jdk14-1.38.jar;C:\Users\nilanjan.islam\.m2\repository\org\bouncycastle\bcmail-jdk14\1.38\bcmail-jdk14-1.38.jar;C:\Users\nilanjan.islam\.m2\repository\com\relevantcodes\extentreports\2.41.2\extentreports-2.41.2.jar;C:\Users\nilanjan.islam\.m2\repository\org\xerial\sqlite-jdbc\3.8.11.1\sqlite-jdbc-3.8.11.1.jar;C:\Users\nilanjan.islam\.m2\repository\javax\xml\bind\jaxb-api\2.3.1\jaxb-api-2.3.1.jar;C:\Users\nilanjan.islam\.m2\repository\javax\activation\javax.activation-api\1.2.0\javax.activation-api-1.2.0.jar;C:\Users\nilanjan.islam\.m2\repository\com\tesults\testng\tesults-testng\1.0.2\tesults-testng-1.0.2.jar;C:\Users\nilanjan.islam\.m2\repository\com\tesults\tesults\1.0.2\tesults-1.0.2.jar;C:\Users\nilanjan.islam\.m2\repository\org\glassfish\jaxb\jaxb-runtime\2.3.1\jaxb-runtime-2.3.1.jar;C:\Users\nilanjan.islam\.m2\repository\org\glassfish\jaxb\txw2\2.3.1\txw2-2.3.1.jar;C:\Users\nilanjan.islam\.m2\repository\com\sun\istack\istack-commons-runtime\3.0.7\istack-commons-runtime-3.0.7.jar;C:\Users\nilanjan.islam\.m2\repository\org\jvnet\staxex\stax-ex\1.8\stax-ex-1.8.jar;C:\Users\nilanjan.islam\.m2\repository\com\sun\xml\fastinfoset\FastInfoset\1.2.15\FastInfoset-1.2.15.jar;C:\Users\nilanjan.islam\.m2\repository\com\amazonaws\aws-java-sdk-s3\1.11.228\aws-java-sdk-s3-1.11.228.jar;C:\Users\nilanjan.islam\.m2\repository\com\amazonaws\aws-java-sdk-kms\1.11.228\aws-java-sdk-kms-1.11.228.jar;C:\Users\nilanjan.islam\.m2\repository\com\amazonaws\aws-java-sdk-core\1.11.228\aws-java-sdk-core-1.11.228.jar;C:\Users\nilanjan.islam\.m2\repository\software\amazon\ion\ion-java\1.0.2\ion-java-1.0.2.jar;C:\Users\nilanjan.islam\.m2\repository\com\fasterxml\jackson\dataformat\jackson-dataformat-cbor\2.6.7\jackson-dataformat-cbor-2.6.7.jar;C:\Users\nilanjan.islam\.m2\repository\joda-time\joda-time\2.8.1\joda-time-2.8.1.jar;C:\Users\nilanjan.islam\.m2\repository\com\amazonaws\jmespath-java\1.11.228\jmespath-java-1.11.228.jar;C:\Users\nilanjan.islam\.m2\repository\com\fasterxml\jackson\core\jackson-core\2.9.5\jackson-core-2.9.5.jar;C:\Users\nilanjan.islam\.m2\repository\com\fasterxml\jackson\core\jackson-annotations\2.9.5\jackson-annotations-2.9.5.jar;C:\Users\nilanjan.islam\.m2\repository\com\fasterxml\jackson\core\jackson-databind\2.9.5\jackson-databind-2.9.5.jar;C:\Users\nilanjan.islam\.m2\repository\org\json\json\20171018\json-20171018.jar;C:\Users\nilanjan.islam\.m2\repository\org\apache\logging\log4j\log4j-api\2.14.1\log4j-api-2.14.1.jar;C:\Users\nilanjan.islam\.m2\repository\org\apache\logging\log4j\log4j-core\2.14.1\log4j-core-2.14.1.jar;"/>
    <property name="java.vm.vendor" value="Oracle Corporation"/>
    <property name="sun.arch.data.model" value="64"/>
    <property name="user.variant" value=""/>
    <property name="java.vendor.url" value="https://openjdk.java.net/"/>
    <property name="user.timezone" value="Europe/London"/>
    <property name="java.vm.specification.version" value="11"/>
    <property name="os.name" value="Windows 10"/>
    <property name="sun.java.launcher" value="SUN_STANDARD"/>
    <property name="user.country" value="GB"/>
    <property name="sun.boot.library.path" value="C:\Users\nilanjan.islam\Downloads\Dev\jdk-11.0.11_windows-x64_bin\jdk-11.0.11\bin"/>
    <property name="sun.java.command" value="C:\Users\NILANJ~1.ISL\AppData\Local\Temp\surefire661404624053733613\surefirebooter17199832283159085692.jar C:\Users\nilanjan.islam\AppData\Local\Temp\surefire661404624053733613 2021-04-30T18-26-23_243-jvmRun1 surefire3672689730811257094tmp surefire_011192609499942687527tmp"/>
    <property name="jdk.debug" value="release"/>
    <property name="surefire.test.class.path" value="C:\Users\nilanjan.islam\eclipse-workspace\Demo\Demo\target\test-classes;C:\Users\nilanjan.islam\eclipse-workspace\Demo\Demo\target\classes;C:\Users\nilanjan.islam\.m2\repository\org\seleniumhq\selenium\selenium-java\3.141.59\selenium-java-3.141.59.jar;C:\Users\nilanjan.islam\.m2\repository\org\seleniumhq\selenium\selenium-api\3.141.59\selenium-api-3.141.59.jar;C:\Users\nilanjan.islam\.m2\repository\org\seleniumhq\selenium\selenium-chrome-driver\3.141.59\selenium-chrome-driver-3.141.59.jar;C:\Users\nilanjan.islam\.m2\repository\org\seleniumhq\selenium\selenium-edge-driver\3.141.59\selenium-edge-driver-3.141.59.jar;C:\Users\nilanjan.islam\.m2\repository\org\seleniumhq\selenium\selenium-firefox-driver\3.141.59\selenium-firefox-driver-3.141.59.jar;C:\Users\nilanjan.islam\.m2\repository\org\seleniumhq\selenium\selenium-ie-driver\3.141.59\selenium-ie-driver-3.141.59.jar;C:\Users\nilanjan.islam\.m2\repository\org\seleniumhq\selenium\selenium-opera-driver\3.141.59\selenium-opera-driver-3.141.59.jar;C:\Users\nilanjan.islam\.m2\repository\org\seleniumhq\selenium\selenium-remote-driver\3.141.59\selenium-remote-driver-3.141.59.jar;C:\Users\nilanjan.islam\.m2\repository\org\seleniumhq\selenium\selenium-safari-driver\3.141.59\selenium-safari-driver-3.141.59.jar;C:\Users\nilanjan.islam\.m2\repository\org\seleniumhq\selenium\selenium-support\3.141.59\selenium-support-3.141.59.jar;C:\Users\nilanjan.islam\.m2\repository\net\bytebuddy\byte-buddy\1.8.15\byte-buddy-1.8.15.jar;C:\Users\nilanjan.islam\.m2\repository\org\apache\commons\commons-exec\1.3\commons-exec-1.3.jar;C:\Users\nilanjan.islam\.m2\repository\com\google\guava\guava\25.0-jre\guava-25.0-jre.jar;C:\Users\nilanjan.islam\.m2\repository\com\google\code\findbugs\jsr305\1.3.9\jsr305-1.3.9.jar;C:\Users\nilanjan.islam\.m2\repository\org\checkerframework\checker-compat-qual\2.0.0\checker-compat-qual-2.0.0.jar;C:\Users\nilanjan.islam\.m2\repository\com\google\errorprone\error_prone_annotations\2.1.3\error_prone_annotations-2.1.3.jar;C:\Users\nilanjan.islam\.m2\repository\com\google\j2objc\j2objc-annotations\1.1\j2objc-annotations-1.1.jar;C:\Users\nilanjan.islam\.m2\repository\org\codehaus\mojo\animal-sniffer-annotations\1.14\animal-sniffer-annotations-1.14.jar;C:\Users\nilanjan.islam\.m2\repository\com\squareup\okhttp3\okhttp\3.11.0\okhttp-3.11.0.jar;C:\Users\nilanjan.islam\.m2\repository\com\squareup\okio\okio\1.14.0\okio-1.14.0.jar;C:\Users\nilanjan.islam\.m2\repository\io\github\bonigarcia\webdrivermanager\4.1.0\webdrivermanager-4.1.0.jar;C:\Users\nilanjan.islam\.m2\repository\org\slf4j\slf4j-api\1.7.30\slf4j-api-1.7.30.jar;C:\Users\nilanjan.islam\.m2\repository\commons-io\commons-io\2.7\commons-io-2.7.jar;C:\Users\nilanjan.islam\.m2\repository\com\google\code\gson\gson\2.8.6\gson-2.8.6.jar;C:\Users\nilanjan.islam\.m2\repository\org\apache\commons\commons-lang3\3.10\commons-lang3-3.10.jar;C:\Users\nilanjan.islam\.m2\repository\org\apache\httpcomponents\client5\httpclient5\5.0.1\httpclient5-5.0.1.jar;C:\Users\nilanjan.islam\.m2\repository\org\apache\httpcomponents\core5\httpcore5\5.0.1\httpcore5-5.0.1.jar;C:\Users\nilanjan.islam\.m2\repository\org\apache\httpcomponents\core5\httpcore5-h2\5.0.1\httpcore5-h2-5.0.1.jar;C:\Users\nilanjan.islam\.m2\repository\org\rauschig\jarchivelib\1.0.0\jarchivelib-1.0.0.jar;C:\Users\nilanjan.islam\.m2\repository\org\apache\commons\commons-compress\1.18\commons-compress-1.18.jar;C:\Users\nilanjan.islam\.m2\repository\org\jsoup\jsoup\1.13.1\jsoup-1.13.1.jar;C:\Users\nilanjan.islam\.m2\repository\org\testng\testng\6.14.3\testng-6.14.3.jar;C:\Users\nilanjan.islam\.m2\repository\com\beust\jcommander\1.72\jcommander-1.72.jar;C:\Users\nilanjan.islam\.m2\repository\org\apache-extras\beanshell\bsh\2.0b6\bsh-2.0b6.jar;C:\Users\nilanjan.islam\.m2\repository\org\apache\poi\poi\3.9\poi-3.9.jar;C:\Users\nilanjan.islam\.m2\repository\commons-codec\commons-codec\1.5\commons-codec-1.5.jar;C:\Users\nilanjan.islam\.m2\repository\org\apache\poi\poi-ooxml\3.9\poi-ooxml-3.9.jar;C:\Users\nilanjan.islam\.m2\repository\dom4j\dom4j\1.6.1\dom4j-1.6.1.jar;C:\Users\nilanjan.islam\.m2\repository\xml-apis\xml-apis\1.0.b2\xml-apis-1.0.b2.jar;C:\Users\nilanjan.islam\.m2\repository\org\apache\poi\poi-ooxml-schemas\3.9\poi-ooxml-schemas-3.9.jar;C:\Users\nilanjan.islam\.m2\repository\org\apache\xmlbeans\xmlbeans\2.3.0\xmlbeans-2.3.0.jar;C:\Users\nilanjan.islam\.m2\repository\stax\stax-api\1.0.1\stax-api-1.0.1.jar;C:\Users\nilanjan.islam\.m2\repository\org\apache\poi\poi-scratchpad\3.9\poi-scratchpad-3.9.jar;C:\Users\nilanjan.islam\.m2\repository\org\apache\poi\ooxml-schemas\1.1\ooxml-schemas-1.1.jar;C:\Users\nilanjan.islam\.m2\repository\org\apache\poi\openxml4j\1.0-beta\openxml4j-1.0-beta.jar;C:\Users\nilanjan.islam\.m2\repository\log4j\log4j\1.2.8\log4j-1.2.8.jar;C:\Users\nilanjan.islam\.m2\repository\com\aventstack\extentreports\3.1.5\extentreports-3.1.5.jar;C:\Users\nilanjan.islam\.m2\repository\org\freemarker\freemarker\2.3.23\freemarker-2.3.23.jar;C:\Users\nilanjan.islam\.m2\repository\org\mongodb\mongodb-driver\3.3.0\mongodb-driver-3.3.0.jar;C:\Users\nilanjan.islam\.m2\repository\org\mongodb\bson\3.3.0\bson-3.3.0.jar;C:\Users\nilanjan.islam\.m2\repository\org\mongodb\mongodb-driver-core\3.3.0\mongodb-driver-core-3.3.0.jar;C:\Users\nilanjan.islam\.m2\repository\org\apache\httpcomponents\httpclient\4.5.2\httpclient-4.5.2.jar;C:\Users\nilanjan.islam\.m2\repository\org\apache\httpcomponents\httpcore\4.4.4\httpcore-4.4.4.jar;C:\Users\nilanjan.islam\.m2\repository\commons-logging\commons-logging\1.2\commons-logging-1.2.jar;C:\Users\nilanjan.islam\.m2\repository\org\apache\httpcomponents\httpmime\4.5.2\httpmime-4.5.2.jar;C:\Users\nilanjan.islam\.m2\repository\com\lowagie\itext\2.1.7\itext-2.1.7.jar;C:\Users\nilanjan.islam\.m2\repository\bouncycastle\bcmail-jdk14\138\bcmail-jdk14-138.jar;C:\Users\nilanjan.islam\.m2\repository\bouncycastle\bcprov-jdk14\138\bcprov-jdk14-138.jar;C:\Users\nilanjan.islam\.m2\repository\org\bouncycastle\bctsp-jdk14\1.38\bctsp-jdk14-1.38.jar;C:\Users\nilanjan.islam\.m2\repository\org\bouncycastle\bcprov-jdk14\1.38\bcprov-jdk14-1.38.jar;C:\Users\nilanjan.islam\.m2\repository\org\bouncycastle\bcmail-jdk14\1.38\bcmail-jdk14-1.38.jar;C:\Users\nilanjan.islam\.m2\repository\com\relevantcodes\extentreports\2.41.2\extentreports-2.41.2.jar;C:\Users\nilanjan.islam\.m2\repository\org\xerial\sqlite-jdbc\3.8.11.1\sqlite-jdbc-3.8.11.1.jar;C:\Users\nilanjan.islam\.m2\repository\javax\xml\bind\jaxb-api\2.3.1\jaxb-api-2.3.1.jar;C:\Users\nilanjan.islam\.m2\repository\javax\activation\javax.activation-api\1.2.0\javax.activation-api-1.2.0.jar;C:\Users\nilanjan.islam\.m2\repository\com\tesults\testng\tesults-testng\1.0.2\tesults-testng-1.0.2.jar;C:\Users\nilanjan.islam\.m2\repository\com\tesults\tesults\1.0.2\tesults-1.0.2.jar;C:\Users\nilanjan.islam\.m2\repository\org\glassfish\jaxb\jaxb-runtime\2.3.1\jaxb-runtime-2.3.1.jar;C:\Users\nilanjan.islam\.m2\repository\org\glassfish\jaxb\txw2\2.3.1\txw2-2.3.1.jar;C:\Users\nilanjan.islam\.m2\repository\com\sun\istack\istack-commons-runtime\3.0.7\istack-commons-runtime-3.0.7.jar;C:\Users\nilanjan.islam\.m2\repository\org\jvnet\staxex\stax-ex\1.8\stax-ex-1.8.jar;C:\Users\nilanjan.islam\.m2\repository\com\sun\xml\fastinfoset\FastInfoset\1.2.15\FastInfoset-1.2.15.jar;C:\Users\nilanjan.islam\.m2\repository\com\amazonaws\aws-java-sdk-s3\1.11.228\aws-java-sdk-s3-1.11.228.jar;C:\Users\nilanjan.islam\.m2\repository\com\amazonaws\aws-java-sdk-kms\1.11.228\aws-java-sdk-kms-1.11.228.jar;C:\Users\nilanjan.islam\.m2\repository\com\amazonaws\aws-java-sdk-core\1.11.228\aws-java-sdk-core-1.11.228.jar;C:\Users\nilanjan.islam\.m2\repository\software\amazon\ion\ion-java\1.0.2\ion-java-1.0.2.jar;C:\Users\nilanjan.islam\.m2\repository\com\fasterxml\jackson\dataformat\jackson-dataformat-cbor\2.6.7\jackson-dataformat-cbor-2.6.7.jar;C:\Users\nilanjan.islam\.m2\repository\joda-time\joda-time\2.8.1\joda-time-2.8.1.jar;C:\Users\nilanjan.islam\.m2\repository\com\amazonaws\jmespath-java\1.11.228\jmespath-java-1.11.228.jar;C:\Users\nilanjan.islam\.m2\repository\com\fasterxml\jackson\core\jackson-core\2.9.5\jackson-core-2.9.5.jar;C:\Users\nilanjan.islam\.m2\repository\com\fasterxml\jackson\core\jackson-annotations\2.9.5\jackson-annotations-2.9.5.jar;C:\Users\nilanjan.islam\.m2\repository\com\fasterxml\jackson\core\jackson-databind\2.9.5\jackson-databind-2.9.5.jar;C:\Users\nilanjan.islam\.m2\repository\org\json\json\20171018\json-20171018.jar;C:\Users\nilanjan.islam\.m2\repository\org\apache\logging\log4j\log4j-api\2.14.1\log4j-api-2.14.1.jar;C:\Users\nilanjan.islam\.m2\repository\org\apache\logging\log4j\log4j-core\2.14.1\log4j-core-2.14.1.jar;"/>
    <property name="sun.cpu.endian" value="little"/>
    <property name="user.home" value="C:\Users\nilanjan.islam"/>
    <property name="user.language" value="en"/>
    <property name="java.specification.vendor" value="Oracle Corporation"/>
    <property name="java.version.date" value="2021-04-20"/>
    <property name="java.home" value="C:\Users\nilanjan.islam\Downloads\Dev\jdk-11.0.11_windows-x64_bin\jdk-11.0.11"/>
    <property name="file.separator" value="\"/>
    <property name="basedir" value="C:\Users\nilanjan.islam\eclipse-workspace\Demo\Demo"/>
    <property name="java.vm.compressedOopsMode" value="32-bit"/>
    <property name="line.separator" value="&#10;"/>
    <property name="java.specification.name" value="Java Platform API Specification"/>
    <property name="java.vm.specification.vendor" value="Oracle Corporation"/>
    <property name="java.awt.graphicsenv" value="sun.awt.Win32GraphicsEnvironment"/>
    <property name="surefire.real.class.path" value="C:\Users\NILANJ~1.ISL\AppData\Local\Temp\surefire661404624053733613\surefirebooter17199832283159085692.jar"/>
    <property name="user.script" value=""/>
    <property name="sun.management.compiler" value="HotSpot 64-Bit Tiered Compilers"/>
    <property name="java.runtime.version" value="11.0.11+9-LTS-194"/>
    <property name="user.name" value="nilanjan.islam"/>
    <property name="path.separator" value=";"/>
    <property name="os.version" value="10.0"/>
    <property name="java.runtime.name" value="Java(TM) SE Runtime Environment"/>
    <property name="file.encoding" value="Cp1252"/>
    <property name="java.vm.name" value="Java HotSpot(TM) 64-Bit Server VM"/>
    <property name="java.vendor.version" value="18.9"/>
    <property name="localRepository" value="C:\Users\nilanjan.islam\.m2\repository"/>
    <property name="java.vendor.url.bug" value="https://bugreport.java.com/bugreport/"/>
    <property name="java.io.tmpdir" value="C:\Users\NILANJ~1.ISL\AppData\Local\Temp\"/>
    <property name="java.version" value="11.0.11"/>
    <property name="user.dir" value="C:\Users\nilanjan.islam\eclipse-workspace\Demo\Demo"/>
    <property name="os.arch" value="amd64"/>
    <property name="java.vm.specification.name" value="Java Virtual Machine Specification"/>
    <property name="java.awt.printerjob" value="sun.awt.windows.WPrinterJob"/>
    <property name="sun.os.patch.level" value=""/>
    <property name="java.library.path" value="C:\Users\nilanjan.islam\Downloads\Dev\jdk-11.0.11_windows-x64_bin\jdk-11.0.11\bin;C:\Windows\Sun\Java\bin;C:\Windows\system32;C:\Windows;C:\Windows\system32;C:\Windows;C:\Windows\System32\Wbem;C:\Windows\System32\WindowsPowerShell\v1.0\;C:\Windows\System32\OpenSSH\;C:\Users\nilanjan.islam\AppData\Local\Microsoft\WindowsApps;C:\Users\nilanjan.islam\Downloads\Dev\jdk-11.0.11_windows-x64_bin\jdk-11.0.11\bin;C:\Users\nilanjan.islam\Downloads\Dev\apache-maven-3.8.1\bin;C:\Users\nilanjan.islam\AppData\Local\GitHubDesktop\bin;."/>
    <property name="java.vendor" value="Oracle Corporation"/>
    <property name="java.vm.info" value="mixed mode"/>
    <property name="java.vm.version" value="11.0.11+9-LTS-194"/>
    <property name="sun.io.unicode.encoding" value="UnicodeLittle"/>
    <property name="java.class.version" value="55.0"/>
  </properties>
  <testcase name="checkInventoryItemTest" classname="com.mydemo.SauceTestUpdated" time="1.988"/>
  <testcase name="checkInventoryItemTest" classname="com.mydemo.SauceTestUpdated" time="2.133"/>
  <testcase name="checkAddToCartButtonTest" classname="com.mydemo.SauceTestUpdated" time="22.264">
    <failure message="expected [true] but found [false]" type="java.lang.AssertionError">java.lang.AssertionError: expected [true] but found [false]
	at com.mydemo.SauceTestUpdated.checkAddToCartButtonTest(SauceTestUpdated.java:33)
</failure>
    <system-out><![CDATA[**********************************
Screenshot stored at: C:\Users\nilanjan.islam\eclipse-workspace\Demo\Demo/screenshot/AutomationReport_Fri_Apr_30_18_26_34_BST_2021.png
**********************************
browser name is : Firefox
]]></system-out>
    <system-err><![CDATA[Apr 30, 2021 6:26:45 PM org.openqa.selenium.remote.ProtocolHandshake createSession
INFO: Detected dialect: W3C
]]></system-err>
  </testcase>
  <testcase name="checkAddToCartButtonTest" classname="com.mydemo.SauceTestUpdated" time="21.735">
    <failure message="expected [true] but found [false]" type="java.lang.AssertionError">java.lang.AssertionError: expected [true] but found [false]
	at com.mydemo.SauceTestUpdated.checkAddToCartButtonTest(SauceTestUpdated.java:33)
</failure>
    <system-out><![CDATA[**********************************
Screenshot stored at: C:\Users\nilanjan.islam\eclipse-workspace\Demo\Demo/screenshot/AutomationReport_Fri_Apr_30_18_27_19_BST_2021.png
**********************************
browser name is : Chrome
]]></system-out>
    <system-err><![CDATA[Apr 30, 2021 6:27:26 PM org.openqa.selenium.remote.ProtocolHandshake createSession
INFO: Detected dialect: OSS
]]></system-err>
  </testcase>
</testsuite>