<?xml version="1.0" encoding="UTF-8"?>
<!-- Generated by org.testng.reporters.JUnitReportReporter -->
<testsuite hostname="QT-UK-LT1078" failures="0" tests="4" name="com.mydemo.SauceTestUpdated" time="50.354" errors="0" timestamp="08 Jun 2021 07:39:22 GMT" skipped="0">
  <testcase classname="com.mydemo.SauceTestUpdated" name="checkInventoryItemTest" time="12.307"/>
  <testcase classname="com.mydemo.SauceTestUpdated" name="checkInventoryItemTest" time="15.188"/>
  <testcase classname="com.mydemo.SauceTestUpdated" name="checkAddToCartButtonTest" time="10.060"/>
  <testcase classname="com.mydemo.SauceTestUpdated" name="checkAddToCartButtonTest" time="12.799"/>
</testsuite> <!-- com.mydemo.SauceTestUpdated -->
