<?xml version="1.0" encoding="UTF-8"?>
<!-- Generated by org.testng.reporters.JUnitReportReporter -->
<testsuite hostname="QT-UK-LT1078" failures="0" tests="4" name="com.mydemo.SauceTestUpdated" time="69.986" errors="0" timestamp="09 Jun 2021 14:33:08 GMT" skipped="0">
  <testcase classname="com.mydemo.SauceTestUpdated" name="checkInventoryItemTest" time="25.714"/>
  <testcase classname="com.mydemo.SauceTestUpdated" name="checkInventoryItemTest" time="10.410"/>
  <testcase classname="com.mydemo.SauceTestUpdated" name="checkAddToCartButtonTest" time="23.276"/>
  <testcase classname="com.mydemo.SauceTestUpdated" name="checkAddToCartButtonTest" time="10.586"/>
</testsuite> <!-- com.mydemo.SauceTestUpdated -->
