<?xml version="1.0" encoding="UTF-8"?>
<!-- Generated by org.testng.reporters.JUnitReportReporter -->
<testsuite hostname="QT-UK-LT1078" failures="0" tests="4" name="com.mydemo.SauceTestUpdated" time="70.146" errors="0" timestamp="01 Jun 2021 16:56:58 GMT" skipped="0">
  <testcase classname="com.mydemo.SauceTestUpdated" name="checkInventoryItemTest" time="13.348"/>
  <testcase classname="com.mydemo.SauceTestUpdated" name="checkInventoryItemTest" time="22.164"/>
  <testcase classname="com.mydemo.SauceTestUpdated" name="checkAddToCartButtonTest" time="24.439"/>
  <testcase classname="com.mydemo.SauceTestUpdated" name="checkAddToCartButtonTest" time="10.195"/>
</testsuite> <!-- com.mydemo.SauceTestUpdated -->
