<?xml version="1.0" encoding="UTF-8"?>
<!-- Generated by org.testng.reporters.JUnitReportReporter -->
<testsuite hostname="QT-UK-LT1078" failures="0" tests="4" name="com.mydemo.SauceTestUpdated" time="58.516" errors="0" timestamp="10 Jun 2021 15:20:01 GMT" skipped="0">
  <testcase classname="com.mydemo.SauceTestUpdated" name="checkInventoryItemTest" time="9.827"/>
  <testcase classname="com.mydemo.SauceTestUpdated" name="checkInventoryItemTest" time="18.102"/>
  <testcase classname="com.mydemo.SauceTestUpdated" name="checkAddToCartButtonTest" time="18.625"/>
  <testcase classname="com.mydemo.SauceTestUpdated" name="checkAddToCartButtonTest" time="11.962"/>
</testsuite> <!-- com.mydemo.SauceTestUpdated -->
