<?xml version="1.0" encoding="UTF-8"?>
<!-- Generated by org.testng.reporters.JUnitReportReporter -->
<testsuite hostname="QT-UK-LT1078" failures="0" tests="4" name="com.mydemo.SauceTestUpdated" time="49.490" errors="0" timestamp="01 Jun 2021 12:19:52 GMT" skipped="0">
  <testcase classname="com.mydemo.SauceTestUpdated" name="checkInventoryItemTest" time="14.240"/>
  <testcase classname="com.mydemo.SauceTestUpdated" name="checkInventoryItemTest" time="13.675"/>
  <testcase classname="com.mydemo.SauceTestUpdated" name="checkAddToCartButtonTest" time="5.665"/>
  <testcase classname="com.mydemo.SauceTestUpdated" name="checkAddToCartButtonTest" time="15.910"/>
</testsuite> <!-- com.mydemo.SauceTestUpdated -->
