<?xml version="1.0" encoding="UTF-8"?>
<!-- Generated by org.testng.reporters.JUnitReportReporter -->
<testsuite hostname="QT-UK-LT1078" failures="0" tests="4" name="com.mydemo.SauceTestUpdated" time="47.471" errors="0" timestamp="10 Jun 2021 10:44:05 GMT" skipped="0">
  <testcase classname="com.mydemo.SauceTestUpdated" name="checkInventoryItemTest" time="13.837"/>
  <testcase classname="com.mydemo.SauceTestUpdated" name="checkInventoryItemTest" time="10.648"/>
  <testcase classname="com.mydemo.SauceTestUpdated" name="checkAddToCartButtonTest" time="10.764"/>
  <testcase classname="com.mydemo.SauceTestUpdated" name="checkAddToCartButtonTest" time="12.222"/>
</testsuite> <!-- com.mydemo.SauceTestUpdated -->
