<?xml version="1.0" encoding="UTF-8"?>
<!-- Generated by org.testng.reporters.JUnitReportReporter -->
<testsuite hostname="QT-UK-LT1078" failures="0" tests="4" name="com.mydemo.SauceTestUpdated" time="42.732" errors="0" timestamp="08 Jun 2021 11:17:54 GMT" skipped="0">
  <testcase classname="com.mydemo.SauceTestUpdated" name="checkInventoryItemTest" time="10.922"/>
  <testcase classname="com.mydemo.SauceTestUpdated" name="checkInventoryItemTest" time="9.403"/>
  <testcase classname="com.mydemo.SauceTestUpdated" name="checkAddToCartButtonTest" time="11.843"/>
  <testcase classname="com.mydemo.SauceTestUpdated" name="checkAddToCartButtonTest" time="10.564"/>
</testsuite> <!-- com.mydemo.SauceTestUpdated -->
