<?xml version="1.0" encoding="UTF-8"?>
<!-- Generated by org.testng.reporters.JUnitReportReporter -->
<testsuite hostname="QT-UK-LT1078" failures="0" tests="4" name="com.mydemo.SauceTestUpdated" time="45.219" errors="0" timestamp="21 May 2021 12:50:05 GMT" skipped="0">
  <testcase classname="com.mydemo.SauceTestUpdated" name="checkInventoryItemTest" time="9.322"/>
  <testcase classname="com.mydemo.SauceTestUpdated" name="checkInventoryItemTest" time="14.092"/>
  <testcase classname="com.mydemo.SauceTestUpdated" name="checkAddToCartButtonTest" time="12.061"/>
  <testcase classname="com.mydemo.SauceTestUpdated" name="checkAddToCartButtonTest" time="9.744"/>
</testsuite> <!-- com.mydemo.SauceTestUpdated -->
