<?xml version="1.0" encoding="UTF-8"?>
<!-- Generated by org.testng.reporters.JUnitReportReporter -->
<testsuite hostname="QT-UK-LT1078" failures="0" tests="4" name="com.mydemo.SauceTestUpdated" time="56.163" errors="0" timestamp="19 May 2021 13:46:54 GMT" skipped="0">
  <testcase classname="com.mydemo.SauceTestUpdated" name="checkInventoryItemTest" time="16.011"/>
  <testcase classname="com.mydemo.SauceTestUpdated" name="checkInventoryItemTest" time="11.720"/>
  <testcase classname="com.mydemo.SauceTestUpdated" name="checkAddToCartButtonTest" time="14.132"/>
  <testcase classname="com.mydemo.SauceTestUpdated" name="checkAddToCartButtonTest" time="14.300"/>
</testsuite> <!-- com.mydemo.SauceTestUpdated -->
