<?xml version="1.0" encoding="UTF-8"?>
<!-- Generated by org.testng.reporters.JUnitReportReporter -->
<testsuite hostname="QT-UK-LT1078" failures="0" tests="4" name="com.mydemo.SauceTestUpdated" time="56.480" errors="0" timestamp="18 May 2021 17:45:39 GMT" skipped="0">
  <testcase classname="com.mydemo.SauceTestUpdated" name="checkInventoryItemTest" time="15.507"/>
  <testcase classname="com.mydemo.SauceTestUpdated" name="checkInventoryItemTest" time="9.024"/>
  <testcase classname="com.mydemo.SauceTestUpdated" name="checkAddToCartButtonTest" time="20.900"/>
  <testcase classname="com.mydemo.SauceTestUpdated" name="checkAddToCartButtonTest" time="11.049"/>
</testsuite> <!-- com.mydemo.SauceTestUpdated -->
