<?xml version="1.0" encoding="UTF-8"?>
<!-- Generated by org.testng.reporters.JUnitReportReporter -->
<testsuite hostname="QT-UK-LT1078" failures="0" tests="4" name="com.mydemo.SauceTestUpdated" time="47.460" errors="0" timestamp="01 Jun 2021 16:21:35 GMT" skipped="0">
  <testcase classname="com.mydemo.SauceTestUpdated" name="checkInventoryItemTest" time="10.557"/>
  <testcase classname="com.mydemo.SauceTestUpdated" name="checkInventoryItemTest" time="14.577"/>
  <testcase classname="com.mydemo.SauceTestUpdated" name="checkAddToCartButtonTest" time="12.255"/>
  <testcase classname="com.mydemo.SauceTestUpdated" name="checkAddToCartButtonTest" time="10.071"/>
</testsuite> <!-- com.mydemo.SauceTestUpdated -->
