<?xml version="1.0" encoding="UTF-8"?>
<!-- Generated by org.testng.reporters.JUnitReportReporter -->
<testsuite hostname="QT-UK-LT1078" failures="0" tests="4" name="com.mydemo.SauceTestUpdated" time="51.248" errors="0" timestamp="26 May 2021 11:01:40 GMT" skipped="0">
  <testcase classname="com.mydemo.SauceTestUpdated" name="checkInventoryItemTest" time="16.306"/>
  <testcase classname="com.mydemo.SauceTestUpdated" name="checkInventoryItemTest" time="9.196"/>
  <testcase classname="com.mydemo.SauceTestUpdated" name="checkAddToCartButtonTest" time="12.355"/>
  <testcase classname="com.mydemo.SauceTestUpdated" name="checkAddToCartButtonTest" time="13.391"/>
</testsuite> <!-- com.mydemo.SauceTestUpdated -->
