<?xml version="1.0" encoding="UTF-8"?>
<!-- Generated by org.testng.reporters.JUnitReportReporter -->
<testsuite hostname="QT-UK-LT1078" failures="0" tests="4" name="com.mydemo.SauceTestUpdated" time="42.322" errors="0" timestamp="24 May 2021 16:43:51 GMT" skipped="0">
  <testcase classname="com.mydemo.SauceTestUpdated" name="checkInventoryItemTest" time="10.255"/>
  <testcase classname="com.mydemo.SauceTestUpdated" name="checkInventoryItemTest" time="12.847"/>
  <testcase classname="com.mydemo.SauceTestUpdated" name="checkAddToCartButtonTest" time="10.421"/>
  <testcase classname="com.mydemo.SauceTestUpdated" name="checkAddToCartButtonTest" time="8.799"/>
</testsuite> <!-- com.mydemo.SauceTestUpdated -->
