<?xml version="1.0" encoding="UTF-8"?>
<!-- Generated by org.testng.reporters.JUnitReportReporter -->
<testsuite hostname="QT-UK-LT1078" failures="0" tests="4" name="com.mydemo.SauceTestUpdated" time="60.388" errors="0" timestamp="02 Jun 2021 17:11:47 GMT" skipped="0">
  <testcase classname="com.mydemo.SauceTestUpdated" name="checkInventoryItemTest" time="14.183"/>
  <testcase classname="com.mydemo.SauceTestUpdated" name="checkInventoryItemTest" time="16.930"/>
  <testcase classname="com.mydemo.SauceTestUpdated" name="checkAddToCartButtonTest" time="18.478"/>
  <testcase classname="com.mydemo.SauceTestUpdated" name="checkAddToCartButtonTest" time="10.797"/>
</testsuite> <!-- com.mydemo.SauceTestUpdated -->
