<?xml version="1.0" encoding="UTF-8"?>
<!-- Generated by org.testng.reporters.JUnitReportReporter -->
<testsuite hostname="QT-UK-LT1078" failures="0" tests="1" name="RestPost.RestPost" time="0.710" errors="0" timestamp="02 Jun 2021 11:20:45 GMT" skipped="0">
  <testcase classname="RestPost.RestPost" name="ReportGen" time="0.710"/>
</testsuite> <!-- RestPost.RestPost -->
