<?xml version="1.0" encoding="UTF-8"?>
<!-- Generated by org.testng.reporters.JUnitReportReporter -->
<testsuite hostname="QT-UK-LT1078" failures="0" tests="4" name="com.mydemo.SauceTestUpdated" time="103.315" errors="0" timestamp="04 May 2021 11:23:24 GMT" skipped="0">
  <testcase classname="com.mydemo.SauceTestUpdated" name="checkInventoryItemTest" time="19.151"/>
  <testcase classname="com.mydemo.SauceTestUpdated" name="checkInventoryItemTest" time="15.085"/>
  <testcase classname="com.mydemo.SauceTestUpdated" name="checkAddToCartButtonTest" time="38.316"/>
  <testcase classname="com.mydemo.SauceTestUpdated" name="checkAddToCartButtonTest" time="30.763"/>
</testsuite> <!-- com.mydemo.SauceTestUpdated -->
