<?xml version="1.0" encoding="UTF-8"?>
<!-- Generated by org.testng.reporters.JUnitReportReporter -->
<testsuite hostname="QT-UK-LT1078" failures="0" tests="4" name="com.mydemo.SauceTestUpdated" time="46.774" errors="0" timestamp="19 May 2021 15:05:14 GMT" skipped="0">
  <testcase classname="com.mydemo.SauceTestUpdated" name="checkInventoryItemTest" time="12.622"/>
  <testcase classname="com.mydemo.SauceTestUpdated" name="checkInventoryItemTest" time="10.258"/>
  <testcase classname="com.mydemo.SauceTestUpdated" name="checkAddToCartButtonTest" time="11.140"/>
  <testcase classname="com.mydemo.SauceTestUpdated" name="checkAddToCartButtonTest" time="12.754"/>
</testsuite> <!-- com.mydemo.SauceTestUpdated -->
