<?xml version="1.0" encoding="UTF-8"?>
<!-- Generated by org.testng.reporters.JUnitReportReporter -->
<testsuite hostname="QT-UK-LT1078" failures="0" tests="4" name="com.mydemo.SauceTestUpdated" time="87.788" errors="0" timestamp="04 May 2021 14:45:12 GMT" skipped="0">
  <testcase classname="com.mydemo.SauceTestUpdated" name="checkInventoryItemTest" time="14.531"/>
  <testcase classname="com.mydemo.SauceTestUpdated" name="checkInventoryItemTest" time="10.802"/>
  <testcase classname="com.mydemo.SauceTestUpdated" name="checkAddToCartButtonTest" time="32.772"/>
  <testcase classname="com.mydemo.SauceTestUpdated" name="checkAddToCartButtonTest" time="29.683"/>
</testsuite> <!-- com.mydemo.SauceTestUpdated -->
