<?xml version="1.0" encoding="UTF-8"?>
<!-- Generated by org.testng.reporters.JUnitReportReporter -->
<testsuite hostname="QT-UK-LT1078" failures="0" tests="4" name="com.mydemo.SauceTestUpdated" time="42.045" errors="0" timestamp="21 May 2021 15:23:09 GMT" skipped="0">
  <testcase classname="com.mydemo.SauceTestUpdated" name="checkInventoryItemTest" time="10.463"/>
  <testcase classname="com.mydemo.SauceTestUpdated" name="checkInventoryItemTest" time="9.561"/>
  <testcase classname="com.mydemo.SauceTestUpdated" name="checkAddToCartButtonTest" time="12.319"/>
  <testcase classname="com.mydemo.SauceTestUpdated" name="checkAddToCartButtonTest" time="9.702"/>
</testsuite> <!-- com.mydemo.SauceTestUpdated -->
