<?xml version="1.0" encoding="UTF-8"?>
<!-- Generated by org.testng.reporters.JUnitReportReporter -->
<testsuite hostname="QT-UK-LT1078" failures="0" tests="4" name="com.mydemo.SauceTestUpdated" time="40.197" errors="0" timestamp="01 Jun 2021 20:20:49 GMT" skipped="0">
  <testcase classname="com.mydemo.SauceTestUpdated" name="checkInventoryItemTest" time="9.768"/>
  <testcase classname="com.mydemo.SauceTestUpdated" name="checkInventoryItemTest" time="10.425"/>
  <testcase classname="com.mydemo.SauceTestUpdated" name="checkAddToCartButtonTest" time="8.553"/>
  <testcase classname="com.mydemo.SauceTestUpdated" name="checkAddToCartButtonTest" time="11.451"/>
</testsuite> <!-- com.mydemo.SauceTestUpdated -->
