<?xml version="1.0" encoding="UTF-8"?>
<!-- Generated by org.testng.reporters.JUnitReportReporter -->
<testsuite hostname="QT-UK-LT1078" failures="0" tests="4" name="com.mydemo.SauceTestUpdated" time="46.866" errors="0" timestamp="10 Jun 2021 13:29:12 GMT" skipped="0">
  <testcase classname="com.mydemo.SauceTestUpdated" name="checkInventoryItemTest" time="12.922"/>
  <testcase classname="com.mydemo.SauceTestUpdated" name="checkInventoryItemTest" time="9.140"/>
  <testcase classname="com.mydemo.SauceTestUpdated" name="checkAddToCartButtonTest" time="13.862"/>
  <testcase classname="com.mydemo.SauceTestUpdated" name="checkAddToCartButtonTest" time="10.942"/>
</testsuite> <!-- com.mydemo.SauceTestUpdated -->
